2025-05-08 18:24:59,405 [INFO] [INFO] Using local video file...
2025-05-08 18:25:02,768 [INFO] [Frame 3] Initializing person 0
2025-05-08 18:25:02,769 [INFO] [Frame 3] Initializing person 1
2025-05-08 18:25:02,792 [INFO] [Frame 6] Person 0: WORKING | Motion: 16359.3
2025-05-08 18:25:02,793 [INFO] [Frame 6] Person 1: WORKING | Motion: 17910.9
2025-05-08 18:25:02,818 [INFO] [Frame 9] Person 0: WORKING | Motion: 15908.7
2025-05-08 18:25:02,818 [INFO] [Frame 9] Person 1: WORKING | Motion: 17056.9
2025-05-08 18:25:02,841 [INFO] [Frame 12] Person 0: WORKING | Motion: 1099.7
2025-05-08 18:25:02,841 [INFO] [Frame 12] Person 1: WORKING | Motion: 2076.9
2025-05-08 18:25:02,841 [INFO] [Frame 12] Initializing person 2
2025-05-08 18:25:02,865 [INFO] [Frame 15] Person 0: WORKING | Motion: 1093.2
2025-05-08 18:25:02,865 [INFO] [Frame 15] Person 1: WORKING | Motion: 2021.5
2025-05-08 18:25:02,866 [INFO] [Frame 15] Person 2: IDLE | Motion: 0.0
2025-05-08 18:25:02,866 [INFO] [Frame 15] Initializing person 3
2025-05-08 18:25:02,888 [INFO] [Frame 18] Person 0: WORKING | Motion: 253.7
2025-05-08 18:25:02,888 [INFO] [Frame 18] Person 1: WORKING | Motion: 3886.4
2025-05-08 18:25:02,889 [INFO] [Frame 18] Person 2: IDLE | Motion: 0.0
2025-05-08 18:25:02,911 [INFO] [Frame 21] Person 0: WORKING | Motion: 319.4
2025-05-08 18:25:02,912 [INFO] [Frame 21] Person 1: WORKING | Motion: 3719.4
2025-05-08 18:25:02,912 [INFO] [Frame 21] Person 2: WORKING | Motion: 7559.0
2025-05-08 18:25:02,935 [INFO] [Frame 24] Person 0: WORKING | Motion: 324.6
2025-05-08 18:25:02,935 [INFO] [Frame 24] Person 1: WORKING | Motion: 1871.6
2025-05-08 18:25:02,935 [INFO] [Frame 24] Person 2: WORKING | Motion: 7559.0
2025-05-08 18:25:02,958 [INFO] [Frame 27] Person 0: WORKING | Motion: 17135.9
2025-05-08 18:25:02,959 [INFO] [Frame 27] Person 1: WORKING | Motion: 15841.0
2025-05-08 18:25:02,959 [INFO] [Frame 27] Person 2: IDLE | Motion: 0.0
2025-05-08 18:25:02,981 [INFO] [Frame 30] Person 0: WORKING | Motion: 137.6
2025-05-08 18:25:02,981 [INFO] [Frame 30] Person 1: WORKING | Motion: 848.0
2025-05-08 18:25:02,982 [INFO] [Frame 30] Person 2: WORKING | Motion: 5848.7
2025-05-08 18:25:03,004 [INFO] [Frame 33] Person 0: WORKING | Motion: 37482.2
2025-05-08 18:25:03,005 [INFO] [Frame 33] Person 1: WORKING | Motion: 16827.9
2025-05-08 18:25:03,005 [INFO] [Frame 33] Person 2: WORKING | Motion: 5848.7
2025-05-08 18:25:03,027 [INFO] [Frame 36] Person 0: WORKING | Motion: 37282.9
2025-05-08 18:25:03,028 [INFO] [Frame 36] Person 1: WORKING | Motion: 17551.7
2025-05-08 18:25:03,028 [INFO] [Frame 36] Person 2: WORKING | Motion: 8012.9
2025-05-08 18:25:03,051 [INFO] [Frame 39] Person 0: WORKING | Motion: 17477.0
2025-05-08 18:25:03,051 [INFO] [Frame 39] Person 1: WORKING | Motion: 17309.1
2025-05-08 18:25:03,051 [INFO] [Frame 39] Person 2: WORKING | Motion: 248.5
2025-05-08 18:25:03,073 [INFO] [Frame 42] Person 0: WORKING | Motion: 204.7
2025-05-08 18:25:03,073 [INFO] [Frame 42] Person 1: WORKING | Motion: 755.1
2025-05-08 18:25:03,073 [INFO] [Frame 42] Person 2: WORKING | Motion: 3687.1
2025-05-08 18:25:03,096 [INFO] [Frame 45] Person 0: WORKING | Motion: 18490.6
2025-05-08 18:25:03,097 [INFO] [Frame 45] Person 1: WORKING | Motion: 17095.3
2025-05-08 18:25:03,097 [INFO] [Frame 45] Person 2: WORKING | Motion: 1984.3
2025-05-08 18:25:03,119 [INFO] [Frame 48] Person 0: WORKING | Motion: 564.3
2025-05-08 18:25:03,119 [INFO] [Frame 48] Person 1: WORKING | Motion: 154.0
2025-05-08 18:25:03,120 [INFO] [Frame 48] Person 2: WORKING | Motion: 3832.0
2025-05-08 18:25:03,143 [INFO] [Frame 51] Person 0: WORKING | Motion: 21418.7
2025-05-08 18:25:03,143 [INFO] [Frame 51] Person 1: WORKING | Motion: 18413.1
2025-05-08 18:25:03,143 [INFO] [Frame 51] Person 2: WORKING | Motion: 10685.7
2025-05-08 18:25:03,165 [INFO] [Frame 54] Person 0: WORKING | Motion: 2013.8
2025-05-08 18:25:03,166 [INFO] [Frame 54] Person 1: WORKING | Motion: 19957.6
2025-05-08 18:25:03,166 [INFO] [Frame 54] Person 2: WORKING | Motion: 19135.0
2025-05-08 18:25:03,188 [INFO] [Frame 57] Person 0: WORKING | Motion: 1907.1
2025-05-08 18:25:03,188 [INFO] [Frame 57] Person 1: WORKING | Motion: 1781.7
2025-05-08 18:25:03,188 [INFO] [Frame 57] Person 2: WORKING | Motion: 352.3
2025-05-08 18:25:03,211 [INFO] [Frame 60] Person 0: WORKING | Motion: 98.7
2025-05-08 18:25:03,212 [INFO] [Frame 60] Person 1: WORKING | Motion: 17867.2
2025-05-08 18:25:03,212 [INFO] [Frame 60] Person 2: WORKING | Motion: 18058.3
2025-05-08 18:25:03,236 [INFO] [Frame 63] Person 0: WORKING | Motion: 3549.1
2025-05-08 18:25:03,236 [INFO] [Frame 63] Person 1: WORKING | Motion: 18297.8
2025-05-08 18:25:03,236 [INFO] [Frame 63] Person 2: WORKING | Motion: 17534.5
2025-05-08 18:25:03,236 [INFO] [Frame 63] Initializing person 3
2025-05-08 18:25:03,259 [INFO] [Frame 66] Person 0: WORKING | Motion: 1950.6
2025-05-08 18:25:03,259 [INFO] [Frame 66] Person 1: WORKING | Motion: 196.7
2025-05-08 18:25:03,259 [INFO] [Frame 66] Person 2: WORKING | Motion: 318.6
2025-05-08 18:25:03,259 [INFO] [Frame 66] Person 3: WORKING | Motion: 2301.1
2025-05-08 18:25:03,282 [INFO] [Frame 69] Person 0: WORKING | Motion: 5745.0
2025-05-08 18:25:03,282 [INFO] [Frame 69] Person 1: WORKING | Motion: 1080.7
2025-05-08 18:25:03,282 [INFO] [Frame 69] Person 2: WORKING | Motion: 229.3
2025-05-08 18:25:03,305 [INFO] [Frame 72] Person 0: WORKING | Motion: 2054.0
2025-05-08 18:25:03,305 [INFO] [Frame 72] Person 1: WORKING | Motion: 1164.1
2025-05-08 18:25:03,305 [INFO] [Frame 72] Person 2: WORKING | Motion: 152.7
2025-05-08 18:25:03,305 [INFO] [Frame 72] Initializing person 3
2025-05-08 18:25:03,330 [INFO] [Frame 75] Person 0: IDLE | Motion: 20.1
2025-05-08 18:25:03,330 [INFO] [Frame 75] Person 1: WORKING | Motion: 314.2
2025-05-08 18:25:03,330 [INFO] [Frame 75] Person 2: WORKING | Motion: 148.9
2025-05-08 18:25:03,330 [INFO] [Frame 75] Person 3: WORKING | Motion: 320.8
2025-05-08 18:25:03,352 [INFO] [Frame 78] Person 0: IDLE | Motion: 14.8
2025-05-08 18:25:03,352 [INFO] [Frame 78] Person 1: WORKING | Motion: 1104.3
2025-05-08 18:25:03,352 [INFO] [Frame 78] Person 2: WORKING | Motion: 103.9
2025-05-08 18:25:03,353 [INFO] [Frame 78] Person 3: WORKING | Motion: 384.8
2025-05-08 18:25:03,375 [INFO] [Frame 81] Person 0: WORKING | Motion: 12346.2
2025-05-08 18:25:03,376 [INFO] [Frame 81] Person 1: WORKING | Motion: 12590.3
2025-05-08 18:25:03,376 [INFO] [Frame 81] Person 2: WORKING | Motion: 19497.9
2025-05-08 18:25:03,376 [INFO] [Frame 81] Person 3: WORKING | Motion: 19416.2
2025-05-08 18:25:03,399 [INFO] [Frame 84] Person 0: WORKING | Motion: 12688.3
2025-05-08 18:25:03,399 [INFO] [Frame 84] Person 1: WORKING | Motion: 12610.9
2025-05-08 18:25:03,400 [INFO] [Frame 84] Person 2: WORKING | Motion: 309.1
2025-05-08 18:25:03,400 [INFO] [Frame 84] Person 3: WORKING | Motion: 185.6
2025-05-08 18:25:03,423 [INFO] [Frame 87] Person 0: IDLE | Motion: 30.7
2025-05-08 18:25:03,423 [INFO] [Frame 87] Person 1: WORKING | Motion: 6332.1
2025-05-08 18:25:03,423 [INFO] [Frame 87] Person 2: WORKING | Motion: 5606.2
2025-05-08 18:25:03,424 [INFO] [Frame 87] Person 3: WORKING | Motion: 162.2
2025-05-08 18:25:03,447 [INFO] [Frame 90] Person 0: WORKING | Motion: 2169.9
2025-05-08 18:25:03,447 [INFO] [Frame 90] Person 1: WORKING | Motion: 1435.1
2025-05-08 18:25:03,447 [INFO] [Frame 90] Person 2: WORKING | Motion: 14244.8
2025-05-08 18:25:03,448 [INFO] [Frame 90] Person 3: WORKING | Motion: 13951.7
2025-05-08 18:25:03,470 [INFO] [Frame 93] Person 0: IDLE | Motion: 25.7
2025-05-08 18:25:03,471 [INFO] [Frame 93] Person 1: WORKING | Motion: 6368.2
2025-05-08 18:25:03,471 [INFO] [Frame 93] Person 2: WORKING | Motion: 15275.7
2025-05-08 18:25:03,471 [INFO] [Frame 93] Person 3: WORKING | Motion: 5050.4
2025-05-08 18:25:03,493 [INFO] [Frame 96] Person 0: IDLE | Motion: 37.2
2025-05-08 18:25:03,494 [INFO] [Frame 96] Person 1: WORKING | Motion: 470.3
2025-05-08 18:25:03,494 [INFO] [Frame 96] Person 2: WORKING | Motion: 11019.6
2025-05-08 18:25:03,494 [INFO] [Frame 96] Person 3: WORKING | Motion: 1013.4
2025-05-08 18:25:03,518 [INFO] [Frame 99] Person 0: WORKING | Motion: 59.9
2025-05-08 18:25:03,518 [INFO] [Frame 99] Person 1: WORKING | Motion: 15638.8
2025-05-08 18:25:03,518 [INFO] [Frame 99] Person 2: WORKING | Motion: 17273.1
2025-05-08 18:25:03,518 [INFO] [Frame 99] Person 3: WORKING | Motion: 8729.6
2025-05-08 18:25:03,541 [INFO] [Frame 102] Person 0: WORKING | Motion: 1620.8
2025-05-08 18:25:03,541 [INFO] [Frame 102] Person 1: WORKING | Motion: 17498.5
2025-05-08 18:25:03,541 [INFO] [Frame 102] Person 2: WORKING | Motion: 8409.1
2025-05-08 18:25:03,542 [INFO] [Frame 102] Person 3: WORKING | Motion: 14789.8
2025-05-08 18:25:03,565 [INFO] [Frame 105] Person 0: WORKING | Motion: 3736.7
2025-05-08 18:25:03,565 [INFO] [Frame 105] Person 1: WORKING | Motion: 9120.7
2025-05-08 18:25:03,566 [INFO] [Frame 105] Person 2: WORKING | Motion: 8322.1
2025-05-08 18:25:03,566 [INFO] [Frame 105] Person 3: WORKING | Motion: 115.5
2025-05-08 18:25:03,589 [INFO] [Frame 108] Person 0: IDLE | Motion: 15.5
2025-05-08 18:25:03,589 [INFO] [Frame 108] Person 1: WORKING | Motion: 666.1
2025-05-08 18:25:03,589 [INFO] [Frame 108] Person 2: WORKING | Motion: 939.8
2025-05-08 18:25:03,589 [INFO] [Frame 108] Person 3: WORKING | Motion: 3608.5
2025-05-08 18:25:03,613 [INFO] [Frame 111] Person 0: IDLE | Motion: 26.8
2025-05-08 18:25:03,613 [INFO] [Frame 111] Person 1: WORKING | Motion: 463.6
2025-05-08 18:25:03,613 [INFO] [Frame 111] Person 2: WORKING | Motion: 1052.2
2025-05-08 18:25:03,613 [INFO] [Frame 111] Person 3: WORKING | Motion: 8131.1
2025-05-08 18:25:03,613 [INFO] [Frame 111] Initializing person 4
2025-05-08 18:25:03,636 [INFO] [Frame 114] Person 0: IDLE | Motion: 30.6
2025-05-08 18:25:03,636 [INFO] [Frame 114] Person 1: WORKING | Motion: 9884.1
2025-05-08 18:25:03,636 [INFO] [Frame 114] Person 2: WORKING | Motion: 9783.3
2025-05-08 18:25:03,636 [INFO] [Frame 114] Person 3: WORKING | Motion: 2961.0
2025-05-08 18:25:03,659 [INFO] [Frame 117] Person 0: WORKING | Motion: 15482.6
2025-05-08 18:25:03,659 [INFO] [Frame 117] Person 1: WORKING | Motion: 16080.4
2025-05-08 18:25:03,660 [INFO] [Frame 117] Person 2: WORKING | Motion: 2802.2
2025-05-08 18:25:03,660 [INFO] [Frame 117] Person 3: WORKING | Motion: 4970.2
2025-05-08 18:25:03,682 [INFO] [Frame 120] Person 0: WORKING | Motion: 1007.8
2025-05-08 18:25:03,682 [INFO] [Frame 120] Person 1: IDLE | Motion: 28.2
2025-05-08 18:25:03,682 [INFO] [Frame 120] Person 2: WORKING | Motion: 2720.2
2025-05-08 18:25:03,682 [INFO] [Frame 120] Person 3: WORKING | Motion: 4859.1
2025-05-08 18:25:03,705 [INFO] [Frame 123] Person 0: WORKING | Motion: 15304.0
2025-05-08 18:25:03,705 [INFO] [Frame 123] Person 1: WORKING | Motion: 15354.3
2025-05-08 18:25:03,706 [INFO] [Frame 123] Person 2: WORKING | Motion: 291.4
2025-05-08 18:25:03,706 [INFO] [Frame 123] Person 3: WORKING | Motion: 207.4
2025-05-08 18:25:03,730 [INFO] [Frame 126] Person 0: WORKING | Motion: 69.7
2025-05-08 18:25:03,731 [INFO] [Frame 126] Person 1: WORKING | Motion: 1344.6
2025-05-08 18:25:03,731 [INFO] [Frame 126] Person 2: WORKING | Motion: 1327.8
2025-05-08 18:25:03,731 [INFO] [Frame 126] Person 3: WORKING | Motion: 1891.3
2025-05-08 18:25:03,754 [INFO] [Frame 129] Person 0: IDLE | Motion: 30.2
2025-05-08 18:25:03,754 [INFO] [Frame 129] Person 1: WORKING | Motion: 1385.7
2025-05-08 18:25:03,754 [INFO] [Frame 129] Person 2: WORKING | Motion: 1327.7
2025-05-08 18:25:03,754 [INFO] [Frame 129] Person 3: WORKING | Motion: 96.8
2025-05-08 18:25:03,776 [INFO] [Frame 132] Person 0: IDLE | Motion: 41.9
2025-05-08 18:25:03,776 [INFO] [Frame 132] Person 1: WORKING | Motion: 2210.6
2025-05-08 18:25:03,777 [INFO] [Frame 132] Person 2: WORKING | Motion: 283.4
2025-05-08 18:25:03,777 [INFO] [Frame 132] Person 3: WORKING | Motion: 62.0
2025-05-08 18:25:03,800 [INFO] [Frame 135] Person 0: WORKING | Motion: 15560.4
2025-05-08 18:25:03,800 [INFO] [Frame 135] Person 1: WORKING | Motion: 15540.8
2025-05-08 18:25:03,800 [INFO] [Frame 135] Person 2: WORKING | Motion: 219.9
2025-05-08 18:25:03,800 [INFO] [Frame 135] Person 3: WORKING | Motion: 2996.1
2025-05-08 18:25:03,823 [INFO] [Frame 138] Person 0: WORKING | Motion: 15569.1
2025-05-08 18:25:03,823 [INFO] [Frame 138] Person 1: WORKING | Motion: 15467.4
2025-05-08 18:25:03,823 [INFO] [Frame 138] Person 2: WORKING | Motion: 2817.9
2025-05-08 18:25:03,823 [INFO] [Frame 138] Person 3: WORKING | Motion: 4689.1
2025-05-08 18:25:03,847 [INFO] [Frame 141] Person 0: WORKING | Motion: 15530.5
2025-05-08 18:25:03,847 [INFO] [Frame 141] Person 1: WORKING | Motion: 15504.1
2025-05-08 18:25:03,847 [INFO] [Frame 141] Person 2: WORKING | Motion: 3097.8
2025-05-08 18:25:03,847 [INFO] [Frame 141] Person 3: WORKING | Motion: 1582.4
2025-05-08 18:25:03,869 [INFO] [Frame 144] Person 0: WORKING | Motion: 15819.6
2025-05-08 18:25:03,870 [INFO] [Frame 144] Person 1: WORKING | Motion: 15522.2
2025-05-08 18:25:03,870 [INFO] [Frame 144] Person 2: WORKING | Motion: 11882.2
2025-05-08 18:25:03,870 [INFO] [Frame 144] Person 3: WORKING | Motion: 13235.1
2025-05-08 18:25:03,892 [INFO] [Frame 147] Person 0: WORKING | Motion: 2079.1
2025-05-08 18:25:03,892 [INFO] [Frame 147] Person 1: WORKING | Motion: 383.8
2025-05-08 18:25:03,893 [INFO] [Frame 147] Person 2: WORKING | Motion: 1726.0
2025-05-08 18:25:03,916 [INFO] [Frame 150] Person 0: WORKING | Motion: 2083.5
2025-05-08 18:25:03,916 [INFO] [Frame 150] Person 1: WORKING | Motion: 238.2
2025-05-08 18:25:03,916 [INFO] [Frame 150] Person 2: WORKING | Motion: 3464.2
2025-05-08 18:25:03,938 [INFO] [Frame 153] Person 0: WORKING | Motion: 4018.2
2025-05-08 18:25:03,938 [INFO] [Frame 153] Person 1: WORKING | Motion: 244.1
2025-05-08 18:25:03,939 [INFO] [Frame 153] Person 2: WORKING | Motion: 9699.8
2025-05-08 18:25:03,960 [INFO] [Frame 156] Person 0: WORKING | Motion: 1794.6
2025-05-08 18:25:03,961 [INFO] [Frame 156] Person 1: WORKING | Motion: 2104.3
2025-05-08 18:25:03,961 [INFO] [Frame 156] Person 2: WORKING | Motion: 3674.9
2025-05-08 18:25:03,983 [INFO] [Frame 159] Person 0: WORKING | Motion: 56.3
2025-05-08 18:25:03,984 [INFO] [Frame 159] Person 1: WORKING | Motion: 3063.7
2025-05-08 18:25:03,984 [INFO] [Frame 159] Person 2: WORKING | Motion: 9298.0
2025-05-08 18:25:03,984 [INFO] [Frame 159] Initializing person 3
2025-05-08 18:25:04,006 [INFO] [Frame 162] Person 0: IDLE | Motion: 26.0
2025-05-08 18:25:04,006 [INFO] [Frame 162] Person 1: WORKING | Motion: 3141.8
2025-05-08 18:25:04,007 [INFO] [Frame 162] Person 2: WORKING | Motion: 2102.4
2025-05-08 18:25:04,007 [INFO] [Frame 162] Person 3: WORKING | Motion: 160.1
2025-05-08 18:25:04,029 [INFO] [Frame 165] Person 0: IDLE | Motion: 47.4
2025-05-08 18:25:04,029 [INFO] [Frame 165] Person 1: WORKING | Motion: 44891.3
2025-05-08 18:25:04,029 [INFO] [Frame 165] Person 2: WORKING | Motion: 11511.3
2025-05-08 18:25:04,029 [INFO] [Frame 165] Person 3: WORKING | Motion: 4448.9
2025-05-08 18:25:04,051 [INFO] [Frame 168] Person 0: IDLE | Motion: 21.0
2025-05-08 18:25:04,051 [INFO] [Frame 168] Person 1: WORKING | Motion: 44699.6
2025-05-08 18:25:04,051 [INFO] [Frame 168] Person 2: WORKING | Motion: 44457.2
2025-05-08 18:25:04,073 [INFO] [Frame 171] Person 0: IDLE | Motion: 46.3
2025-05-08 18:25:04,074 [INFO] [Frame 171] Person 1: WORKING | Motion: 2766.1
2025-05-08 18:25:04,074 [INFO] [Frame 171] Person 2: WORKING | Motion: 33028.6
2025-05-08 18:25:04,096 [INFO] [Frame 174] Person 0: WORKING | Motion: 10399.6
2025-05-08 18:25:04,096 [INFO] [Frame 174] Person 1: WORKING | Motion: 13572.8
2025-05-08 18:25:04,097 [INFO] [Frame 174] Person 2: WORKING | Motion: 1935.3
2025-05-08 18:25:04,119 [INFO] [Frame 177] Person 0: WORKING | Motion: 17793.9
2025-05-08 18:25:04,119 [INFO] [Frame 177] Person 1: WORKING | Motion: 12617.4
2025-05-08 18:25:04,120 [INFO] [Frame 177] Person 2: WORKING | Motion: 22419.1
2025-05-08 18:25:04,120 [INFO] [Frame 177] Initializing person 3
2025-05-08 18:25:04,142 [INFO] [Frame 180] Person 0: WORKING | Motion: 402.2
2025-05-08 18:25:04,142 [INFO] [Frame 180] Person 1: WORKING | Motion: 2945.3
2025-05-08 18:25:04,143 [INFO] [Frame 180] Person 2: WORKING | Motion: 1984.6
2025-05-08 18:25:04,167 [INFO] [Frame 183] Person 0: WORKING | Motion: 14994.8
2025-05-08 18:25:04,167 [INFO] [Frame 183] Person 1: WORKING | Motion: 12214.8
2025-05-08 18:25:04,167 [INFO] [Frame 183] Person 2: WORKING | Motion: 6088.6
2025-05-08 18:25:04,189 [INFO] [Frame 186] Person 0: WORKING | Motion: 14488.2
2025-05-08 18:25:04,189 [INFO] [Frame 186] Person 1: WORKING | Motion: 12037.4
2025-05-08 18:25:04,189 [INFO] [Frame 186] Person 2: WORKING | Motion: 3719.7
2025-05-08 18:25:04,211 [INFO] [Frame 189] Person 0: WORKING | Motion: 13356.0
2025-05-08 18:25:04,212 [INFO] [Frame 189] Person 1: WORKING | Motion: 11686.4
2025-05-08 18:25:04,212 [INFO] [Frame 189] Person 2: WORKING | Motion: 9803.5
2025-05-08 18:25:04,233 [INFO] [Frame 192] Person 0: WORKING | Motion: 13389.8
2025-05-08 18:25:04,234 [INFO] [Frame 192] Person 1: WORKING | Motion: 37369.7
2025-05-08 18:25:04,256 [INFO] [Frame 195] Person 0: WORKING | Motion: 24395.7
2025-05-08 18:25:04,256 [INFO] [Frame 195] Person 1: WORKING | Motion: 36512.4
2025-05-08 18:25:04,278 [INFO] [Frame 198] Person 0: WORKING | Motion: 3047.6
2025-05-08 18:25:04,278 [INFO] [Frame 198] Person 1: WORKING | Motion: 5988.5
2025-05-08 18:25:04,299 [INFO] [Frame 201] Person 0: WORKING | Motion: 15155.2
2025-05-08 18:25:04,300 [INFO] [Frame 201] Person 1: WORKING | Motion: 7402.9
2025-05-08 18:25:04,322 [INFO] [Frame 204] Person 0: WORKING | Motion: 1452.5
2025-05-08 18:25:04,322 [INFO] [Frame 204] Person 1: WORKING | Motion: 2174.2
2025-05-08 18:25:04,346 [INFO] [Frame 207] Person 0: WORKING | Motion: 3212.6
2025-05-08 18:25:04,347 [INFO] [Frame 207] Person 1: WORKING | Motion: 430.1
2025-05-08 18:25:04,347 [INFO] [Frame 207] Initializing person 2
2025-05-08 18:25:04,370 [INFO] [Frame 210] Person 0: WORKING | Motion: 1554.1
2025-05-08 18:25:04,370 [INFO] [Frame 210] Person 1: WORKING | Motion: 2090.9
2025-05-08 18:25:04,370 [INFO] [Frame 210] Person 2: WORKING | Motion: 1827.2
2025-05-08 18:25:04,394 [INFO] [Frame 213] Person 0: WORKING | Motion: 1599.0
2025-05-08 18:25:04,394 [INFO] [Frame 213] Person 1: WORKING | Motion: 3850.4
2025-05-08 18:25:04,394 [INFO] [Frame 213] Person 2: WORKING | Motion: 3347.5
2025-05-08 18:25:04,418 [INFO] [Frame 216] Person 0: WORKING | Motion: 4213.9
2025-05-08 18:25:04,418 [INFO] [Frame 216] Person 1: WORKING | Motion: 4219.6
2025-05-08 18:25:04,418 [INFO] [Frame 216] Person 2: WORKING | Motion: 169.9
2025-05-08 18:25:04,442 [INFO] [Frame 219] Person 0: WORKING | Motion: 13309.5
2025-05-08 18:25:04,442 [INFO] [Frame 219] Person 1: WORKING | Motion: 5992.1
2025-05-08 18:25:04,442 [INFO] [Frame 219] Person 2: WORKING | Motion: 13334.2
2025-05-08 18:25:04,466 [INFO] [Frame 222] Person 0: WORKING | Motion: 411.8
2025-05-08 18:25:04,466 [INFO] [Frame 222] Person 1: WORKING | Motion: 204.4
2025-05-08 18:25:04,466 [INFO] [Frame 222] Person 2: WORKING | Motion: 3220.4
2025-05-08 18:25:04,466 [INFO] [Frame 222] Initializing person 3
2025-05-08 18:25:04,489 [INFO] [Frame 225] Person 0: WORKING | Motion: 1081.9
2025-05-08 18:25:04,489 [INFO] [Frame 225] Person 1: WORKING | Motion: 15804.3
2025-05-08 18:25:04,489 [INFO] [Frame 225] Person 2: WORKING | Motion: 17193.2
2025-05-08 18:25:04,512 [INFO] [Frame 228] Person 0: WORKING | Motion: 1278.7
2025-05-08 18:25:04,513 [INFO] [Frame 228] Person 1: WORKING | Motion: 15980.2
2025-05-08 18:25:04,513 [INFO] [Frame 228] Person 2: WORKING | Motion: 15758.0
2025-05-08 18:25:04,536 [INFO] [Frame 231] Person 0: WORKING | Motion: 620.8
2025-05-08 18:25:04,537 [INFO] [Frame 231] Person 1: WORKING | Motion: 233.6
2025-05-08 18:25:04,537 [INFO] [Frame 231] Person 2: WORKING | Motion: 11078.7
2025-05-08 18:25:04,561 [INFO] [Frame 234] Person 0: WORKING | Motion: 16592.2
2025-05-08 18:25:04,562 [INFO] [Frame 234] Person 1: WORKING | Motion: 9209.9
2025-05-08 18:25:04,562 [INFO] [Frame 234] Person 2: WORKING | Motion: 2872.6
2025-05-08 18:25:04,562 [INFO] [Frame 234] Initializing person 3
2025-05-08 18:25:04,585 [INFO] [Frame 237] Person 0: WORKING | Motion: 16540.1
2025-05-08 18:25:04,585 [INFO] [Frame 237] Person 1: WORKING | Motion: 7581.4
2025-05-08 18:25:04,585 [INFO] [Frame 237] Person 2: WORKING | Motion: 8445.9
2025-05-08 18:25:04,609 [INFO] [Frame 240] Person 0: WORKING | Motion: 410.8
2025-05-08 18:25:04,609 [INFO] [Frame 240] Person 1: WORKING | Motion: 17769.6
2025-05-08 18:25:04,609 [INFO] [Frame 240] Person 2: WORKING | Motion: 16890.8
2025-05-08 18:25:04,633 [INFO] [Frame 243] Person 0: WORKING | Motion: 15316.6
2025-05-08 18:25:04,633 [INFO] [Frame 243] Person 1: WORKING | Motion: 3072.0
2025-05-08 18:25:04,633 [INFO] [Frame 243] Person 2: WORKING | Motion: 5837.8
2025-05-08 18:25:04,656 [INFO] [Frame 246] Person 0: WORKING | Motion: 8016.6
2025-05-08 18:25:04,656 [INFO] [Frame 246] Person 1: WORKING | Motion: 1720.0
2025-05-08 18:25:04,656 [INFO] [Frame 246] Person 2: WORKING | Motion: 8062.5
2025-05-08 18:25:04,678 [INFO] [Frame 249] Person 0: WORKING | Motion: 9295.3
2025-05-08 18:25:04,679 [INFO] [Frame 249] Person 1: WORKING | Motion: 341.0
2025-05-08 18:25:04,679 [INFO] [Frame 249] Person 2: WORKING | Motion: 8060.7
2025-05-08 18:25:04,702 [INFO] [Frame 252] Person 0: WORKING | Motion: 2222.3
2025-05-08 18:25:04,702 [INFO] [Frame 252] Person 1: WORKING | Motion: 3248.5
2025-05-08 18:25:04,702 [INFO] [Frame 252] Person 2: WORKING | Motion: 4565.3
2025-05-08 18:25:04,726 [INFO] [Frame 255] Person 0: WORKING | Motion: 682.0
2025-05-08 18:25:04,727 [INFO] [Frame 255] Person 1: WORKING | Motion: 6661.2
2025-05-08 18:25:04,727 [INFO] [Frame 255] Person 2: WORKING | Motion: 15485.6
2025-05-08 18:25:04,751 [INFO] [Frame 258] Person 0: WORKING | Motion: 16795.7
2025-05-08 18:25:04,751 [INFO] [Frame 258] Person 1: WORKING | Motion: 14684.7
2025-05-08 18:25:04,751 [INFO] [Frame 258] Person 2: WORKING | Motion: 13744.2
2025-05-08 18:25:04,775 [INFO] [Frame 261] Person 0: WORKING | Motion: 7634.8
2025-05-08 18:25:04,775 [INFO] [Frame 261] Person 1: WORKING | Motion: 2087.9
2025-05-08 18:25:04,775 [INFO] [Frame 261] Person 2: WORKING | Motion: 2091.9
2025-05-08 18:25:04,798 [INFO] [Frame 264] Person 0: WORKING | Motion: 9574.4
2025-05-08 18:25:04,798 [INFO] [Frame 264] Person 1: WORKING | Motion: 7981.6
2025-05-08 18:25:04,799 [INFO] [Frame 264] Person 2: WORKING | Motion: 4394.1
2025-05-08 18:25:04,821 [INFO] [Frame 267] Person 0: WORKING | Motion: 16648.8
2025-05-08 18:25:04,822 [INFO] [Frame 267] Person 1: WORKING | Motion: 4450.0
2025-05-08 18:25:04,822 [INFO] [Frame 267] Person 2: WORKING | Motion: 3537.4
2025-05-08 18:25:04,846 [INFO] [Frame 270] Person 0: WORKING | Motion: 979.0
2025-05-08 18:25:04,846 [INFO] [Frame 270] Person 1: WORKING | Motion: 38645.5
2025-05-08 18:25:04,846 [INFO] [Frame 270] Person 2: WORKING | Motion: 9730.8
2025-05-08 18:25:04,869 [INFO] [Frame 273] Person 0: WORKING | Motion: 983.0
2025-05-08 18:25:04,869 [INFO] [Frame 273] Person 1: WORKING | Motion: 1002.3
2025-05-08 18:25:04,869 [INFO] [Frame 273] Person 2: WORKING | Motion: 6088.7
2025-05-08 18:25:04,892 [INFO] [Frame 276] Person 0: WORKING | Motion: 16033.2
2025-05-08 18:25:04,892 [INFO] [Frame 276] Person 1: WORKING | Motion: 2089.1
2025-05-08 18:25:04,892 [INFO] [Frame 276] Person 2: WORKING | Motion: 46304.2
2025-05-08 18:25:04,915 [INFO] [Frame 279] Person 0: WORKING | Motion: 622.5
2025-05-08 18:25:04,916 [INFO] [Frame 279] Person 1: WORKING | Motion: 29081.4
2025-05-08 18:25:04,916 [INFO] [Frame 279] Person 2: WORKING | Motion: 40477.4
2025-05-08 18:25:04,939 [INFO] [Frame 282] Person 0: WORKING | Motion: 15416.3
2025-05-08 18:25:04,940 [INFO] [Frame 282] Person 1: WORKING | Motion: 12405.2
2025-05-08 18:25:04,940 [INFO] [Frame 282] Person 2: WORKING | Motion: 46200.8
2025-05-08 18:25:04,963 [INFO] [Frame 285] Person 0: WORKING | Motion: 25808.3
2025-05-08 18:25:04,963 [INFO] [Frame 285] Person 1: WORKING | Motion: 589.9
2025-05-08 18:25:04,989 [INFO] [Frame 288] Person 0: WORKING | Motion: 16192.3
2025-05-08 18:25:04,990 [INFO] [Frame 288] Person 1: WORKING | Motion: 791.7
2025-05-08 18:25:04,990 [INFO] [Frame 288] Initializing person 2
2025-05-08 18:25:04,990 [INFO] [Frame 288] Initializing person 3
2025-05-08 18:25:05,015 [INFO] [Frame 291] Person 0: WORKING | Motion: 43862.0
2025-05-08 18:25:05,015 [INFO] [Frame 291] Person 1: WORKING | Motion: 708.3
2025-05-08 18:25:05,015 [INFO] [Frame 291] Person 2: WORKING | Motion: 374.0
2025-05-08 18:25:05,038 [INFO] [Frame 294] Person 0: WORKING | Motion: 28941.7
2025-05-08 18:25:05,038 [INFO] [Frame 294] Person 1: WORKING | Motion: 13046.1
2025-05-08 18:25:05,038 [INFO] [Frame 294] Person 2: WORKING | Motion: 4129.3
2025-05-08 18:25:05,038 [INFO] [Frame 294] Initializing person 3
2025-05-08 18:25:05,063 [INFO] [Frame 297] Person 0: WORKING | Motion: 928.6
2025-05-08 18:25:05,063 [INFO] [Frame 297] Person 1: WORKING | Motion: 25735.9
2025-05-08 18:25:05,063 [INFO] [Frame 297] Person 2: WORKING | Motion: 4085.8
2025-05-08 18:25:05,087 [INFO] [Frame 300] Person 0: WORKING | Motion: 15467.1
2025-05-08 18:25:05,088 [INFO] [Frame 300] Person 1: WORKING | Motion: 26916.4
2025-05-08 18:25:05,088 [INFO] [Frame 300] Person 2: WORKING | Motion: 9629.2
2025-05-08 18:25:05,088 [INFO] [Frame 300] Initializing person 3
2025-05-08 18:25:05,111 [INFO] [Frame 303] Person 0: WORKING | Motion: 172.8
2025-05-08 18:25:05,111 [INFO] [Frame 303] Person 1: WORKING | Motion: 191.8
2025-05-08 18:25:05,112 [INFO] [Frame 303] Person 2: WORKING | Motion: 13387.0
2025-05-08 18:25:05,112 [INFO] [Frame 303] Person 3: WORKING | Motion: 18632.8
2025-05-08 18:25:05,135 [INFO] [Frame 306] Person 0: WORKING | Motion: 16217.0
2025-05-08 18:25:05,135 [INFO] [Frame 306] Person 1: WORKING | Motion: 3109.0
2025-05-08 18:25:05,135 [INFO] [Frame 306] Person 2: WORKING | Motion: 7700.8
2025-05-08 18:25:05,160 [INFO] [Frame 309] Person 0: WORKING | Motion: 1681.1
2025-05-08 18:25:05,160 [INFO] [Frame 309] Person 1: WORKING | Motion: 28948.3
2025-05-08 18:25:05,160 [INFO] [Frame 309] Person 2: WORKING | Motion: 5880.4
2025-05-08 18:25:05,160 [INFO] [Frame 309] Initializing person 3
2025-05-08 18:25:05,184 [INFO] [Frame 312] Person 0: WORKING | Motion: 1154.9
2025-05-08 18:25:05,184 [INFO] [Frame 312] Person 1: WORKING | Motion: 459.8
2025-05-08 18:25:05,184 [INFO] [Frame 312] Person 2: WORKING | Motion: 16801.1
2025-05-08 18:25:05,185 [INFO] [Frame 312] Person 3: WORKING | Motion: 13297.4
2025-05-08 18:25:05,209 [INFO] [Frame 315] Person 0: WORKING | Motion: 14679.6
2025-05-08 18:25:05,209 [INFO] [Frame 315] Person 1: WORKING | Motion: 416.7
2025-05-08 18:25:05,209 [INFO] [Frame 315] Person 2: WORKING | Motion: 1350.6
2025-05-08 18:25:05,209 [INFO] [Frame 315] Person 3: WORKING | Motion: 179.0
2025-05-08 18:25:05,232 [INFO] [Frame 318] Person 0: WORKING | Motion: 15401.2
2025-05-08 18:25:05,233 [INFO] [Frame 318] Person 1: WORKING | Motion: 438.5
2025-05-08 18:25:05,233 [INFO] [Frame 318] Person 2: WORKING | Motion: 1457.9
2025-05-08 18:25:05,256 [INFO] [Frame 321] Person 0: WORKING | Motion: 15498.3
2025-05-08 18:25:05,257 [INFO] [Frame 321] Person 1: WORKING | Motion: 1906.5
2025-05-08 18:25:05,257 [INFO] [Frame 321] Person 2: WORKING | Motion: 899.8
2025-05-08 18:25:05,257 [INFO] [Frame 321] Initializing person 3
2025-05-08 18:25:05,257 [INFO] [Frame 321] Initializing person 4
2025-05-08 18:25:05,281 [INFO] [Frame 324] Person 0: WORKING | Motion: 15243.7
2025-05-08 18:25:05,281 [INFO] [Frame 324] Person 1: WORKING | Motion: 9451.4
2025-05-08 18:25:05,282 [INFO] [Frame 324] Person 2: WORKING | Motion: 20243.9
2025-05-08 18:25:05,282 [INFO] [Frame 324] Person 3: WORKING | Motion: 7801.1
2025-05-08 18:25:05,307 [INFO] [Frame 327] Person 0: WORKING | Motion: 50832.3
2025-05-08 18:25:05,308 [INFO] [Frame 327] Person 1: WORKING | Motion: 34628.0
2025-05-08 18:25:05,308 [INFO] [Frame 327] Person 2: WORKING | Motion: 1082.0
2025-05-08 18:25:05,308 [INFO] [Frame 327] Person 3: WORKING | Motion: 84.7
2025-05-08 18:25:05,332 [INFO] [Frame 330] Person 0: WORKING | Motion: 202.1
2025-05-08 18:25:05,333 [INFO] [Frame 330] Person 1: WORKING | Motion: 4107.5
2025-05-08 18:25:05,333 [INFO] [Frame 330] Person 2: WORKING | Motion: 18005.8
2025-05-08 18:25:05,333 [INFO] [Frame 330] Person 3: WORKING | Motion: 2150.3
2025-05-08 18:25:05,356 [INFO] [Frame 333] Person 0: WORKING | Motion: 37979.7
2025-05-08 18:25:05,356 [INFO] [Frame 333] Person 1: WORKING | Motion: 39390.0
2025-05-08 18:25:05,356 [INFO] [Frame 333] Person 2: WORKING | Motion: 264.7
2025-05-08 18:25:05,356 [INFO] [Frame 333] Person 3: WORKING | Motion: 4114.1
2025-05-08 18:25:05,380 [INFO] [Frame 336] Person 0: WORKING | Motion: 15367.3
2025-05-08 18:25:05,380 [INFO] [Frame 336] Person 1: WORKING | Motion: 42248.3
2025-05-08 18:25:05,380 [INFO] [Frame 336] Person 2: WORKING | Motion: 42135.3
2025-05-08 18:25:05,404 [INFO] [Frame 339] Person 0: WORKING | Motion: 1050.6
2025-05-08 18:25:05,405 [INFO] [Frame 339] Person 1: WORKING | Motion: 839.7
2025-05-08 18:25:05,405 [INFO] [Frame 339] Person 2: WORKING | Motion: 1213.5
2025-05-08 18:25:05,405 [INFO] [Frame 339] Initializing person 3
2025-05-08 18:25:05,429 [INFO] [Frame 342] Person 0: WORKING | Motion: 33540.0
2025-05-08 18:25:05,429 [INFO] [Frame 342] Person 1: WORKING | Motion: 21071.5
2025-05-08 18:25:05,429 [INFO] [Frame 342] Person 2: WORKING | Motion: 3069.4
2025-05-08 18:25:05,429 [INFO] [Frame 342] Person 3: WORKING | Motion: 79.2
2025-05-08 18:25:05,452 [INFO] [Frame 345] Person 0: WORKING | Motion: 13754.9
2025-05-08 18:25:05,453 [INFO] [Frame 345] Person 1: WORKING | Motion: 1020.2
2025-05-08 18:25:05,453 [INFO] [Frame 345] Person 2: WORKING | Motion: 28357.2
2025-05-08 18:25:05,453 [INFO] [Frame 345] Person 3: WORKING | Motion: 4110.2
2025-05-08 18:25:05,475 [INFO] [Frame 348] Person 0: WORKING | Motion: 13727.0
2025-05-08 18:25:05,475 [INFO] [Frame 348] Person 1: WORKING | Motion: 455.1
2025-05-08 18:25:05,476 [INFO] [Frame 348] Person 2: WORKING | Motion: 28048.3
2025-05-08 18:25:05,476 [INFO] [Frame 348] Person 3: WORKING | Motion: 56.9
2025-05-08 18:25:05,500 [INFO] [Frame 351] Person 0: WORKING | Motion: 33159.3
2025-05-08 18:25:05,500 [INFO] [Frame 351] Person 1: WORKING | Motion: 24189.0
2025-05-08 18:25:05,500 [INFO] [Frame 351] Person 2: WORKING | Motion: 54518.7
2025-05-08 18:25:05,501 [INFO] [Frame 351] Person 3: IDLE | Motion: 38.0
2025-05-08 18:25:05,523 [INFO] [Frame 354] Person 0: WORKING | Motion: 384.6
2025-05-08 18:25:05,523 [INFO] [Frame 354] Person 1: WORKING | Motion: 3111.6
2025-05-08 18:25:05,524 [INFO] [Frame 354] Person 2: WORKING | Motion: 2016.3
2025-05-08 18:25:05,546 [INFO] [Frame 357] Person 0: WORKING | Motion: 17398.0
2025-05-08 18:25:05,546 [INFO] [Frame 357] Person 1: WORKING | Motion: 3192.8
2025-05-08 18:25:05,546 [INFO] [Frame 357] Person 2: WORKING | Motion: 845.3
2025-05-08 18:25:05,546 [INFO] [Frame 357] Initializing person 3
2025-05-08 18:25:05,569 [INFO] [Frame 360] Person 0: WORKING | Motion: 1428.0
2025-05-08 18:25:05,569 [INFO] [Frame 360] Person 1: WORKING | Motion: 29860.1
2025-05-08 18:25:05,570 [INFO] [Frame 360] Person 2: WORKING | Motion: 1839.9
2025-05-08 18:25:05,593 [INFO] [Frame 363] Person 0: WORKING | Motion: 1145.6
2025-05-08 18:25:05,593 [INFO] [Frame 363] Person 1: WORKING | Motion: 28563.3
2025-05-08 18:25:05,594 [INFO] [Frame 363] Person 2: WORKING | Motion: 484.5
2025-05-08 18:25:05,594 [INFO] [Frame 363] Initializing person 3
2025-05-08 18:25:05,618 [INFO] [Frame 366] Person 0: WORKING | Motion: 16871.4
2025-05-08 18:25:05,619 [INFO] [Frame 366] Person 1: WORKING | Motion: 37035.6
2025-05-08 18:25:05,619 [INFO] [Frame 366] Person 2: WORKING | Motion: 54880.1
2025-05-08 18:25:05,619 [INFO] [Frame 366] Person 3: WORKING | Motion: 64.8
2025-05-08 18:25:05,644 [INFO] [Frame 369] Person 0: WORKING | Motion: 37256.2
2025-05-08 18:25:05,644 [INFO] [Frame 369] Person 1: WORKING | Motion: 3129.5
2025-05-08 18:25:05,645 [INFO] [Frame 369] Person 2: WORKING | Motion: 214.6
2025-05-08 18:25:05,645 [INFO] [Frame 369] Person 3: WORKING | Motion: 4102.8
2025-05-08 18:25:05,667 [INFO] [Frame 372] Person 0: WORKING | Motion: 1744.6
2025-05-08 18:25:05,668 [INFO] [Frame 372] Person 1: WORKING | Motion: 14312.9
2025-05-08 18:25:05,668 [INFO] [Frame 372] Person 2: WORKING | Motion: 217.5
2025-05-08 18:25:05,668 [INFO] [Frame 372] Person 3: IDLE | Motion: 43.4
2025-05-08 18:25:05,691 [INFO] [Frame 375] Person 0: WORKING | Motion: 23789.4
2025-05-08 18:25:05,691 [INFO] [Frame 375] Person 1: WORKING | Motion: 22228.7
2025-05-08 18:25:05,691 [INFO] [Frame 375] Person 2: WORKING | Motion: 412.3
2025-05-08 18:25:05,692 [INFO] [Frame 375] Person 3: IDLE | Motion: 45.6
2025-05-08 18:25:05,716 [INFO] [Frame 378] Person 0: WORKING | Motion: 126.9
2025-05-08 18:25:05,716 [INFO] [Frame 378] Person 1: WORKING | Motion: 4518.9
2025-05-08 18:25:05,717 [INFO] [Frame 378] Person 2: WORKING | Motion: 372.8
2025-05-08 18:25:05,717 [INFO] [Frame 378] Person 3: IDLE | Motion: 26.0
2025-05-08 18:25:05,739 [INFO] [Frame 381] Person 0: WORKING | Motion: 4244.7
2025-05-08 18:25:05,739 [INFO] [Frame 381] Person 1: WORKING | Motion: 3711.1
2025-05-08 18:25:05,739 [INFO] [Frame 381] Person 2: WORKING | Motion: 28729.9
2025-05-08 18:25:05,739 [INFO] [Frame 381] Person 3: WORKING | Motion: 4104.7
2025-05-08 18:25:05,762 [INFO] [Frame 384] Person 0: WORKING | Motion: 349.1
2025-05-08 18:25:05,762 [INFO] [Frame 384] Person 1: WORKING | Motion: 14696.7
2025-05-08 18:25:05,763 [INFO] [Frame 384] Person 2: WORKING | Motion: 27112.7
2025-05-08 18:25:05,763 [INFO] [Frame 384] Person 3: WORKING | Motion: 4031.3
2025-05-08 18:25:05,785 [INFO] [Frame 387] Person 0: WORKING | Motion: 166.2
2025-05-08 18:25:05,785 [INFO] [Frame 387] Person 1: WORKING | Motion: 53936.5
2025-05-08 18:25:05,786 [INFO] [Frame 387] Person 2: WORKING | Motion: 44959.4
2025-05-08 18:25:05,786 [INFO] [Frame 387] Person 3: WORKING | Motion: 4062.0
2025-05-08 18:25:05,811 [INFO] [Frame 390] Person 0: WORKING | Motion: 7707.9
2025-05-08 18:25:05,811 [INFO] [Frame 390] Person 1: WORKING | Motion: 39805.6
2025-05-08 18:25:05,811 [INFO] [Frame 390] Person 2: WORKING | Motion: 44771.7
2025-05-08 18:25:05,811 [INFO] [Frame 390] Person 3: WORKING | Motion: 30448.5
2025-05-08 18:25:05,833 [INFO] [Frame 393] Person 0: WORKING | Motion: 23665.1
2025-05-08 18:25:05,833 [INFO] [Frame 393] Person 1: WORKING | Motion: 36036.5
2025-05-08 18:25:05,833 [INFO] [Frame 393] Person 2: WORKING | Motion: 28466.0
2025-05-08 18:25:05,834 [INFO] [Frame 393] Person 3: WORKING | Motion: 137.3
2025-05-08 18:25:05,855 [INFO] [Frame 396] Person 0: WORKING | Motion: 88.3
2025-05-08 18:25:05,855 [INFO] [Frame 396] Person 1: WORKING | Motion: 718.2
2025-05-08 18:25:05,855 [INFO] [Frame 396] Person 2: WORKING | Motion: 2988.8
2025-05-08 18:25:05,856 [INFO] [Frame 396] Person 3: WORKING | Motion: 4443.1
2025-05-08 18:25:05,878 [INFO] [Frame 399] Person 0: WORKING | Motion: 66.8
2025-05-08 18:25:05,878 [INFO] [Frame 399] Person 1: WORKING | Motion: 1104.0
2025-05-08 18:25:05,878 [INFO] [Frame 399] Person 2: IDLE | Motion: 16.7
2025-05-08 18:25:05,878 [INFO] [Frame 399] Person 3: WORKING | Motion: 10620.4
2025-05-08 18:25:05,901 [INFO] [Frame 402] Person 0: WORKING | Motion: 134.4
2025-05-08 18:25:05,902 [INFO] [Frame 402] Person 1: WORKING | Motion: 20596.1
2025-05-08 18:25:05,902 [INFO] [Frame 402] Person 2: WORKING | Motion: 2981.8
2025-05-08 18:25:05,902 [INFO] [Frame 402] Person 3: WORKING | Motion: 762.8
2025-05-08 18:25:05,924 [INFO] [Frame 405] Person 0: IDLE | Motion: 27.3
2025-05-08 18:25:05,924 [INFO] [Frame 405] Person 1: WORKING | Motion: 63.4
2025-05-08 18:25:05,924 [INFO] [Frame 405] Person 2: WORKING | Motion: 11997.0
2025-05-08 18:25:05,925 [INFO] [Frame 405] Person 3: WORKING | Motion: 13080.1
2025-05-08 18:25:05,947 [INFO] [Frame 408] Person 0: WORKING | Motion: 6174.3
2025-05-08 18:25:05,947 [INFO] [Frame 408] Person 1: WORKING | Motion: 8736.2
2025-05-08 18:25:05,947 [INFO] [Frame 408] Person 2: WORKING | Motion: 54.2
2025-05-08 18:25:05,947 [INFO] [Frame 408] Person 3: WORKING | Motion: 26989.6
2025-05-08 18:25:05,970 [INFO] [Frame 411] Person 0: WORKING | Motion: 4246.1
2025-05-08 18:25:05,970 [INFO] [Frame 411] Person 1: WORKING | Motion: 11951.8
2025-05-08 18:25:05,970 [INFO] [Frame 411] Person 2: WORKING | Motion: 83.1
2025-05-08 18:25:05,970 [INFO] [Frame 411] Person 3: WORKING | Motion: 27993.3
2025-05-08 18:25:05,993 [INFO] [Frame 414] Person 0: WORKING | Motion: 4115.7
2025-05-08 18:25:05,994 [INFO] [Frame 414] Person 1: WORKING | Motion: 20406.9
2025-05-08 18:25:05,994 [INFO] [Frame 414] Person 2: WORKING | Motion: 1889.3
2025-05-08 18:25:05,994 [INFO] [Frame 414] Person 3: WORKING | Motion: 32152.3
2025-05-08 18:25:06,017 [INFO] [Frame 417] Person 0: WORKING | Motion: 76.6
2025-05-08 18:25:06,017 [INFO] [Frame 417] Person 1: IDLE | Motion: 33.5
2025-05-08 18:25:06,017 [INFO] [Frame 417] Person 2: WORKING | Motion: 1383.8
2025-05-08 18:25:06,018 [INFO] [Frame 417] Person 3: WORKING | Motion: 27148.5
2025-05-08 18:25:06,039 [INFO] [Frame 420] Person 0: WORKING | Motion: 1920.3
2025-05-08 18:25:06,039 [INFO] [Frame 420] Person 1: IDLE | Motion: 40.1
2025-05-08 18:25:06,039 [INFO] [Frame 420] Person 2: WORKING | Motion: 15621.0
2025-05-08 18:25:06,040 [INFO] [Frame 420] Person 3: WORKING | Motion: 27066.6
2025-05-08 18:25:06,062 [INFO] [Frame 423] Person 0: WORKING | Motion: 5946.9
2025-05-08 18:25:06,063 [INFO] [Frame 423] Person 1: WORKING | Motion: 20276.0
2025-05-08 18:25:06,063 [INFO] [Frame 423] Person 2: WORKING | Motion: 75.9
2025-05-08 18:25:06,063 [INFO] [Frame 423] Person 3: WORKING | Motion: 2572.4
2025-05-08 18:25:06,086 [INFO] [Frame 426] Person 0: WORKING | Motion: 16146.0
2025-05-08 18:25:06,087 [INFO] [Frame 426] Person 1: WORKING | Motion: 37362.2
2025-05-08 18:25:06,087 [INFO] [Frame 426] Person 2: WORKING | Motion: 84.0
2025-05-08 18:25:06,087 [INFO] [Frame 426] Person 3: WORKING | Motion: 107.1
2025-05-08 18:25:06,111 [INFO] [Frame 429] Person 0: WORKING | Motion: 16207.5
2025-05-08 18:25:06,112 [INFO] [Frame 429] Person 1: WORKING | Motion: 17132.4
2025-05-08 18:25:06,112 [INFO] [Frame 429] Person 2: WORKING | Motion: 327.6
2025-05-08 18:25:06,112 [INFO] [Frame 429] Person 3: WORKING | Motion: 1534.6
2025-05-08 18:25:06,135 [INFO] [Frame 432] Person 0: WORKING | Motion: 234.5
2025-05-08 18:25:06,136 [INFO] [Frame 432] Person 1: IDLE | Motion: 45.4
2025-05-08 18:25:06,136 [INFO] [Frame 432] Person 2: WORKING | Motion: 15294.4
2025-05-08 18:25:06,136 [INFO] [Frame 432] Person 3: WORKING | Motion: 1555.0
2025-05-08 18:25:06,158 [INFO] [Frame 435] Person 0: WORKING | Motion: 5729.0
2025-05-08 18:25:06,158 [INFO] [Frame 435] Person 1: IDLE | Motion: 40.6
2025-05-08 18:25:06,158 [INFO] [Frame 435] Person 2: IDLE | Motion: 29.6
2025-05-08 18:25:06,159 [INFO] [Frame 435] Person 3: WORKING | Motion: 11401.8
2025-05-08 18:25:06,182 [INFO] [Frame 438] Person 0: WORKING | Motion: 6153.0
2025-05-08 18:25:06,182 [INFO] [Frame 438] Person 1: WORKING | Motion: 20114.2
2025-05-08 18:25:06,182 [INFO] [Frame 438] Person 2: IDLE | Motion: 36.2
2025-05-08 18:25:06,182 [INFO] [Frame 438] Person 3: WORKING | Motion: 7844.6
2025-05-08 18:25:06,206 [INFO] [Frame 441] Person 0: WORKING | Motion: 4158.6
2025-05-08 18:25:06,206 [INFO] [Frame 441] Person 1: WORKING | Motion: 16403.1
2025-05-08 18:25:06,207 [INFO] [Frame 441] Person 2: IDLE | Motion: 23.3
2025-05-08 18:25:06,207 [INFO] [Frame 441] Person 3: WORKING | Motion: 5118.6
2025-05-08 18:25:06,229 [INFO] [Frame 444] Person 0: WORKING | Motion: 4113.6
2025-05-08 18:25:06,229 [INFO] [Frame 444] Person 1: WORKING | Motion: 3742.6
2025-05-08 18:25:06,229 [INFO] [Frame 444] Person 2: IDLE | Motion: 31.2
2025-05-08 18:25:06,229 [INFO] [Frame 444] Person 3: WORKING | Motion: 3595.1
2025-05-08 18:25:06,252 [INFO] [Frame 447] Person 0: WORKING | Motion: 16731.4
2025-05-08 18:25:06,252 [INFO] [Frame 447] Person 1: WORKING | Motion: 16663.0
2025-05-08 18:25:06,253 [INFO] [Frame 447] Person 2: IDLE | Motion: 30.4
2025-05-08 18:25:06,253 [INFO] [Frame 447] Person 3: WORKING | Motion: 578.9
2025-05-08 18:25:06,276 [INFO] [Frame 450] Person 0: IDLE | Motion: 32.3
2025-05-08 18:25:06,277 [INFO] [Frame 450] Person 1: WORKING | Motion: 218.5
2025-05-08 18:25:06,277 [INFO] [Frame 450] Person 2: IDLE | Motion: 28.7
2025-05-08 18:25:06,277 [INFO] [Frame 450] Person 3: WORKING | Motion: 2644.0
2025-05-08 18:25:06,301 [INFO] [Frame 453] Person 0: WORKING | Motion: 17412.8
2025-05-08 18:25:06,301 [INFO] [Frame 453] Person 1: WORKING | Motion: 16640.6
2025-05-08 18:25:06,301 [INFO] [Frame 453] Person 2: IDLE | Motion: 45.2
2025-05-08 18:25:06,301 [INFO] [Frame 453] Person 3: WORKING | Motion: 2474.2
2025-05-08 18:25:06,323 [INFO] [Frame 456] Person 0: WORKING | Motion: 2301.7
2025-05-08 18:25:06,323 [INFO] [Frame 456] Person 1: WORKING | Motion: 585.0
2025-05-08 18:25:06,323 [INFO] [Frame 456] Person 2: IDLE | Motion: 42.7
2025-05-08 18:25:06,324 [INFO] [Frame 456] Person 3: WORKING | Motion: 4107.9
2025-05-08 18:25:06,347 [INFO] [Frame 459] Person 0: WORKING | Motion: 4159.6
2025-05-08 18:25:06,347 [INFO] [Frame 459] Person 1: WORKING | Motion: 20234.4
2025-05-08 18:25:06,347 [INFO] [Frame 459] Person 2: IDLE | Motion: 28.7
2025-05-08 18:25:06,348 [INFO] [Frame 459] Person 3: WORKING | Motion: 1647.9
2025-05-08 18:25:06,371 [INFO] [Frame 462] Person 0: WORKING | Motion: 2310.1
2025-05-08 18:25:06,371 [INFO] [Frame 462] Person 1: WORKING | Motion: 20237.4
2025-05-08 18:25:06,372 [INFO] [Frame 462] Person 2: IDLE | Motion: 27.8
2025-05-08 18:25:06,372 [INFO] [Frame 462] Person 3: WORKING | Motion: 1655.5
2025-05-08 18:25:06,395 [INFO] [Frame 465] Person 0: WORKING | Motion: 2263.6
2025-05-08 18:25:06,395 [INFO] [Frame 465] Person 1: IDLE | Motion: 13.7
2025-05-08 18:25:06,395 [INFO] [Frame 465] Person 2: IDLE | Motion: 16.0
2025-05-08 18:25:06,396 [INFO] [Frame 465] Person 3: WORKING | Motion: 2452.3
2025-05-08 18:25:06,417 [INFO] [Frame 468] Person 0: WORKING | Motion: 2184.9
2025-05-08 18:25:06,418 [INFO] [Frame 468] Person 1: WORKING | Motion: 4668.6
2025-05-08 18:25:06,418 [INFO] [Frame 468] Person 2: WORKING | Motion: 4448.6
2025-05-08 18:25:06,418 [INFO] [Frame 468] Person 3: WORKING | Motion: 1532.0
2025-05-08 18:25:06,440 [INFO] [Frame 471] Person 0: WORKING | Motion: 39138.2
2025-05-08 18:25:06,440 [INFO] [Frame 471] Person 1: WORKING | Motion: 21727.8
2025-05-08 18:25:06,440 [INFO] [Frame 471] Person 2: WORKING | Motion: 4736.7
2025-05-08 18:25:06,441 [INFO] [Frame 471] Person 3: WORKING | Motion: 39916.3
2025-05-08 18:25:06,463 [INFO] [Frame 474] Person 0: WORKING | Motion: 2133.7
2025-05-08 18:25:06,464 [INFO] [Frame 474] Person 1: WORKING | Motion: 297.6
2025-05-08 18:25:06,464 [INFO] [Frame 474] Person 2: WORKING | Motion: 4760.7
2025-05-08 18:25:06,464 [INFO] [Frame 474] Person 3: IDLE | Motion: 36.5
2025-05-08 18:25:06,487 [INFO] [Frame 477] Person 0: WORKING | Motion: 1030.8
2025-05-08 18:25:06,487 [INFO] [Frame 477] Person 1: WORKING | Motion: 228.8
2025-05-08 18:25:06,487 [INFO] [Frame 477] Person 2: IDLE | Motion: 28.0
2025-05-08 18:25:06,487 [INFO] [Frame 477] Person 3: IDLE | Motion: 19.5
2025-05-08 18:25:06,512 [INFO] [Frame 480] Person 0: WORKING | Motion: 30700.3
2025-05-08 18:25:06,512 [INFO] [Frame 480] Person 1: WORKING | Motion: 178.2
2025-05-08 18:25:06,512 [INFO] [Frame 480] Person 2: WORKING | Motion: 678.6
2025-05-08 18:25:06,513 [INFO] [Frame 480] Person 3: IDLE | Motion: 17.0
2025-05-08 18:25:06,535 [INFO] [Frame 483] Person 0: WORKING | Motion: 1742.4
2025-05-08 18:25:06,536 [INFO] [Frame 483] Person 1: WORKING | Motion: 2213.9
2025-05-08 18:25:06,536 [INFO] [Frame 483] Person 2: IDLE | Motion: 43.6
2025-05-08 18:25:06,536 [INFO] [Frame 483] Person 3: IDLE | Motion: 16.9
2025-05-08 18:25:06,558 [INFO] [Frame 486] Person 0: WORKING | Motion: 14259.0
2025-05-08 18:25:06,559 [INFO] [Frame 486] Person 1: WORKING | Motion: 14187.1
2025-05-08 18:25:06,559 [INFO] [Frame 486] Person 2: WORKING | Motion: 734.7
2025-05-08 18:25:06,559 [INFO] [Frame 486] Person 3: IDLE | Motion: 32.7
2025-05-08 18:25:06,583 [INFO] [Frame 489] Person 0: WORKING | Motion: 12813.0
2025-05-08 18:25:06,583 [INFO] [Frame 489] Person 1: WORKING | Motion: 11036.5
2025-05-08 18:25:06,583 [INFO] [Frame 489] Person 2: WORKING | Motion: 17854.5
2025-05-08 18:25:06,583 [INFO] [Frame 489] Person 3: WORKING | Motion: 709.4
2025-05-08 18:25:06,605 [INFO] [Frame 492] Person 0: WORKING | Motion: 11046.9
2025-05-08 18:25:06,605 [INFO] [Frame 492] Person 1: WORKING | Motion: 17914.9
2025-05-08 18:25:06,606 [INFO] [Frame 492] Person 2: WORKING | Motion: 21491.1
2025-05-08 18:25:06,606 [INFO] [Frame 492] Person 3: WORKING | Motion: 14421.1
2025-05-08 18:25:06,628 [INFO] [Frame 495] Person 0: WORKING | Motion: 74.2
2025-05-08 18:25:06,628 [INFO] [Frame 495] Person 1: WORKING | Motion: 21351.8
2025-05-08 18:25:06,628 [INFO] [Frame 495] Person 2: WORKING | Motion: 19712.8
2025-05-08 18:25:06,629 [INFO] [Frame 495] Person 3: WORKING | Motion: 3397.9
2025-05-08 18:25:06,650 [INFO] [Frame 498] Person 0: WORKING | Motion: 2845.2
2025-05-08 18:25:06,651 [INFO] [Frame 498] Person 1: WORKING | Motion: 744.0
2025-05-08 18:25:06,651 [INFO] [Frame 498] Person 2: WORKING | Motion: 5866.6
2025-05-08 18:25:06,651 [INFO] [Frame 498] Person 3: WORKING | Motion: 1699.0
2025-05-08 18:25:06,674 [INFO] [Frame 501] Person 0: WORKING | Motion: 2862.9
2025-05-08 18:25:06,674 [INFO] [Frame 501] Person 1: WORKING | Motion: 21416.8
2025-05-08 18:25:06,674 [INFO] [Frame 501] Person 2: WORKING | Motion: 22152.8
2025-05-08 18:25:06,674 [INFO] [Frame 501] Person 3: WORKING | Motion: 1729.7
2025-05-08 18:25:06,697 [INFO] [Frame 504] Person 0: WORKING | Motion: 21157.2
2025-05-08 18:25:06,697 [INFO] [Frame 504] Person 1: WORKING | Motion: 14772.6
2025-05-08 18:25:06,697 [INFO] [Frame 504] Person 2: IDLE | Motion: 34.4
2025-05-08 18:25:06,697 [INFO] [Frame 504] Person 3: WORKING | Motion: 13419.4
2025-05-08 18:25:06,719 [INFO] [Frame 507] Person 0: WORKING | Motion: 1456.2
2025-05-08 18:25:06,719 [INFO] [Frame 507] Person 1: WORKING | Motion: 3308.2
2025-05-08 18:25:06,720 [INFO] [Frame 507] Person 2: IDLE | Motion: 30.3
2025-05-08 18:25:06,720 [INFO] [Frame 507] Person 3: WORKING | Motion: 335.4
2025-05-08 18:25:06,742 [INFO] [Frame 510] Person 0: WORKING | Motion: 20031.1
2025-05-08 18:25:06,742 [INFO] [Frame 510] Person 1: WORKING | Motion: 1869.7
2025-05-08 18:25:06,742 [INFO] [Frame 510] Person 2: IDLE | Motion: 13.3
2025-05-08 18:25:06,743 [INFO] [Frame 510] Person 3: WORKING | Motion: 262.4
2025-05-08 18:25:06,765 [INFO] [Frame 513] Person 0: WORKING | Motion: 20658.0
2025-05-08 18:25:06,766 [INFO] [Frame 513] Person 1: WORKING | Motion: 4764.7
2025-05-08 18:25:06,766 [INFO] [Frame 513] Person 2: WORKING | Motion: 22518.8
2025-05-08 18:25:06,766 [INFO] [Frame 513] Person 3: WORKING | Motion: 22574.6
2025-05-08 18:25:06,790 [INFO] [Frame 516] Person 0: WORKING | Motion: 20642.6
2025-05-08 18:25:06,790 [INFO] [Frame 516] Person 1: WORKING | Motion: 3481.6
2025-05-08 18:25:06,790 [INFO] [Frame 516] Person 2: WORKING | Motion: 75.3
2025-05-08 18:25:06,791 [INFO] [Frame 516] Person 3: IDLE | Motion: 18.4
2025-05-08 18:25:06,812 [INFO] [Frame 519] Person 0: WORKING | Motion: 66.3
2025-05-08 18:25:06,812 [INFO] [Frame 519] Person 1: WORKING | Motion: 12085.0
2025-05-08 18:25:06,813 [INFO] [Frame 519] Person 2: WORKING | Motion: 98.4
2025-05-08 18:25:06,813 [INFO] [Frame 519] Person 3: WORKING | Motion: 12794.6
2025-05-08 18:25:06,834 [INFO] [Frame 522] Person 0: WORKING | Motion: 63.4
2025-05-08 18:25:06,834 [INFO] [Frame 522] Person 1: IDLE | Motion: 22.6
2025-05-08 18:25:06,835 [INFO] [Frame 522] Person 2: WORKING | Motion: 15218.3
2025-05-08 18:25:06,835 [INFO] [Frame 522] Person 3: WORKING | Motion: 16314.2
2025-05-08 18:25:06,857 [INFO] [Frame 525] Person 0: WORKING | Motion: 84.2
2025-05-08 18:25:06,858 [INFO] [Frame 525] Person 1: WORKING | Motion: 22420.1
2025-05-08 18:25:06,858 [INFO] [Frame 525] Person 2: WORKING | Motion: 11789.2
2025-05-08 18:25:06,858 [INFO] [Frame 525] Person 3: WORKING | Motion: 14947.7
2025-05-08 18:25:06,879 [INFO] [Frame 528] Person 0: WORKING | Motion: 705.7
2025-05-08 18:25:06,879 [INFO] [Frame 528] Person 1: WORKING | Motion: 87.1
2025-05-08 18:25:06,879 [INFO] [Frame 528] Person 2: IDLE | Motion: 20.3
2025-05-08 18:25:06,880 [INFO] [Frame 528] Person 3: WORKING | Motion: 1803.7
2025-05-08 18:25:06,901 [INFO] [Frame 531] Person 0: WORKING | Motion: 69.9
2025-05-08 18:25:06,902 [INFO] [Frame 531] Person 1: WORKING | Motion: 5830.5
2025-05-08 18:25:06,902 [INFO] [Frame 531] Person 2: IDLE | Motion: 14.3
2025-05-08 18:25:06,902 [INFO] [Frame 531] Person 3: WORKING | Motion: 3247.4
2025-05-08 18:25:06,923 [INFO] [Frame 534] Person 0: WORKING | Motion: 21478.3
2025-05-08 18:25:06,923 [INFO] [Frame 534] Person 1: WORKING | Motion: 1996.7
2025-05-08 18:25:06,924 [INFO] [Frame 534] Person 2: IDLE | Motion: 35.2
2025-05-08 18:25:06,924 [INFO] [Frame 534] Person 3: WORKING | Motion: 1820.9
2025-05-08 18:25:06,946 [INFO] [Frame 537] Person 0: WORKING | Motion: 599.2
2025-05-08 18:25:06,946 [INFO] [Frame 537] Person 1: WORKING | Motion: 97.1
2025-05-08 18:25:06,946 [INFO] [Frame 537] Person 2: WORKING | Motion: 5000.8
2025-05-08 18:25:06,946 [INFO] [Frame 537] Person 3: WORKING | Motion: 9158.3
2025-05-08 18:25:06,969 [INFO] [Frame 540] Person 0: WORKING | Motion: 2291.4
2025-05-08 18:25:06,969 [INFO] [Frame 540] Person 1: WORKING | Motion: 95.1
2025-05-08 18:25:06,969 [INFO] [Frame 540] Person 2: WORKING | Motion: 5100.4
2025-05-08 18:25:06,970 [INFO] [Frame 540] Person 3: WORKING | Motion: 9253.2
2025-05-08 18:25:06,991 [INFO] [Frame 543] Person 0: WORKING | Motion: 1057.9
2025-05-08 18:25:06,992 [INFO] [Frame 543] Person 1: WORKING | Motion: 20424.8
2025-05-08 18:25:06,992 [INFO] [Frame 543] Person 2: WORKING | Motion: 20910.7
2025-05-08 18:25:06,992 [INFO] [Frame 543] Person 3: WORKING | Motion: 142.9
2025-05-08 18:25:07,015 [INFO] [Frame 546] Person 0: WORKING | Motion: 929.5
2025-05-08 18:25:07,016 [INFO] [Frame 546] Person 1: WORKING | Motion: 20984.2
2025-05-08 18:25:07,016 [INFO] [Frame 546] Person 2: WORKING | Motion: 20933.9
2025-05-08 18:25:07,016 [INFO] [Frame 546] Person 3: WORKING | Motion: 105.2
2025-05-08 18:25:07,038 [INFO] [Frame 549] Person 0: WORKING | Motion: 20146.1
2025-05-08 18:25:07,038 [INFO] [Frame 549] Person 1: WORKING | Motion: 116.6
2025-05-08 18:25:07,038 [INFO] [Frame 549] Person 2: WORKING | Motion: 81.3
2025-05-08 18:25:07,038 [INFO] [Frame 549] Person 3: WORKING | Motion: 1581.4
2025-05-08 18:25:07,060 [INFO] [Frame 552] Person 0: WORKING | Motion: 634.0
2025-05-08 18:25:07,060 [INFO] [Frame 552] Person 1: WORKING | Motion: 182.7
2025-05-08 18:25:07,060 [INFO] [Frame 552] Person 2: WORKING | Motion: 3625.1
2025-05-08 18:25:07,060 [INFO] [Frame 552] Person 3: WORKING | Motion: 1557.3
2025-05-08 18:25:07,085 [INFO] [Frame 555] Person 0: WORKING | Motion: 19687.0
2025-05-08 18:25:07,085 [INFO] [Frame 555] Person 1: WORKING | Motion: 35601.6
2025-05-08 18:25:07,085 [INFO] [Frame 555] Person 2: WORKING | Motion: 24583.4
2025-05-08 18:25:07,086 [INFO] [Frame 555] Person 3: WORKING | Motion: 153.2
2025-05-08 18:25:07,109 [INFO] [Frame 558] Person 0: WORKING | Motion: 20284.2
2025-05-08 18:25:07,109 [INFO] [Frame 558] Person 1: WORKING | Motion: 854.6
2025-05-08 18:25:07,109 [INFO] [Frame 558] Person 2: WORKING | Motion: 2044.3
2025-05-08 18:25:07,109 [INFO] [Frame 558] Person 3: WORKING | Motion: 7872.5
2025-05-08 18:25:07,134 [INFO] [Frame 561] Person 0: WORKING | Motion: 19823.9
2025-05-08 18:25:07,134 [INFO] [Frame 561] Person 1: WORKING | Motion: 228.5
2025-05-08 18:25:07,134 [INFO] [Frame 561] Person 2: WORKING | Motion: 2017.4
2025-05-08 18:25:07,135 [INFO] [Frame 561] Person 3: WORKING | Motion: 57.9
2025-05-08 18:25:07,156 [INFO] [Frame 564] Person 0: WORKING | Motion: 1667.3
2025-05-08 18:25:07,157 [INFO] [Frame 564] Person 1: WORKING | Motion: 261.9
2025-05-08 18:25:07,157 [INFO] [Frame 564] Person 2: WORKING | Motion: 5877.8
2025-05-08 18:25:07,157 [INFO] [Frame 564] Person 3: WORKING | Motion: 3297.0
2025-05-08 18:25:07,181 [INFO] [Frame 567] Person 0: WORKING | Motion: 19339.1
2025-05-08 18:25:07,181 [INFO] [Frame 567] Person 1: WORKING | Motion: 215.3
2025-05-08 18:25:07,181 [INFO] [Frame 567] Person 2: WORKING | Motion: 5824.1
2025-05-08 18:25:07,182 [INFO] [Frame 567] Person 3: WORKING | Motion: 1738.7
2025-05-08 18:25:07,205 [INFO] [Frame 570] Person 0: WORKING | Motion: 21777.5
2025-05-08 18:25:07,205 [INFO] [Frame 570] Person 1: WORKING | Motion: 37350.5
2025-05-08 18:25:07,205 [INFO] [Frame 570] Person 2: WORKING | Motion: 35766.2
2025-05-08 18:25:07,205 [INFO] [Frame 570] Person 3: WORKING | Motion: 1614.4
2025-05-08 18:25:07,229 [INFO] [Frame 573] Person 0: WORKING | Motion: 2179.0
2025-05-08 18:25:07,229 [INFO] [Frame 573] Person 1: WORKING | Motion: 37281.4
2025-05-08 18:25:07,229 [INFO] [Frame 573] Person 2: WORKING | Motion: 35861.8
2025-05-08 18:25:07,230 [INFO] [Frame 573] Person 3: WORKING | Motion: 7891.6
2025-05-08 18:25:07,252 [INFO] [Frame 576] Person 0: WORKING | Motion: 22101.1
2025-05-08 18:25:07,252 [INFO] [Frame 576] Person 1: WORKING | Motion: 322.5
2025-05-08 18:25:07,252 [INFO] [Frame 576] Person 2: WORKING | Motion: 103.9
2025-05-08 18:25:07,252 [INFO] [Frame 576] Person 3: WORKING | Motion: 85.0
2025-05-08 18:25:07,275 [INFO] [Frame 579] Person 0: WORKING | Motion: 294.3
2025-05-08 18:25:07,275 [INFO] [Frame 579] Person 1: WORKING | Motion: 313.8
2025-05-08 18:25:07,275 [INFO] [Frame 579] Person 2: WORKING | Motion: 1920.7
2025-05-08 18:25:07,275 [INFO] [Frame 579] Person 3: WORKING | Motion: 111.1
2025-05-08 18:25:07,299 [INFO] [Frame 582] Person 0: WORKING | Motion: 22156.1
2025-05-08 18:25:07,300 [INFO] [Frame 582] Person 1: WORKING | Motion: 1069.8
2025-05-08 18:25:07,300 [INFO] [Frame 582] Person 2: WORKING | Motion: 1921.9
2025-05-08 18:25:07,300 [INFO] [Frame 582] Person 3: WORKING | Motion: 215.1
2025-05-08 18:25:07,322 [INFO] [Frame 585] Person 0: WORKING | Motion: 1401.1
2025-05-08 18:25:07,322 [INFO] [Frame 585] Person 1: WORKING | Motion: 36385.4
2025-05-08 18:25:07,322 [INFO] [Frame 585] Person 2: WORKING | Motion: 36822.7
2025-05-08 18:25:07,322 [INFO] [Frame 585] Person 3: WORKING | Motion: 123.3
2025-05-08 18:25:07,344 [INFO] [Frame 588] Person 0: WORKING | Motion: 734.3
2025-05-08 18:25:07,345 [INFO] [Frame 588] Person 1: WORKING | Motion: 2100.5
2025-05-08 18:25:07,345 [INFO] [Frame 588] Person 2: WORKING | Motion: 808.7
2025-05-08 18:25:07,345 [INFO] [Frame 588] Person 3: WORKING | Motion: 104.2
2025-05-08 18:25:07,368 [INFO] [Frame 591] Person 0: WORKING | Motion: 261.0
2025-05-08 18:25:07,368 [INFO] [Frame 591] Person 1: WORKING | Motion: 37351.6
2025-05-08 18:25:07,368 [INFO] [Frame 591] Person 2: WORKING | Motion: 36922.0
2025-05-08 18:25:07,368 [INFO] [Frame 591] Person 3: WORKING | Motion: 1772.3
2025-05-08 18:25:07,390 [INFO] [Frame 594] Person 0: WORKING | Motion: 397.1
2025-05-08 18:25:07,390 [INFO] [Frame 594] Person 1: WORKING | Motion: 386.5
2025-05-08 18:25:07,391 [INFO] [Frame 594] Person 2: IDLE | Motion: 38.8
2025-05-08 18:25:07,391 [INFO] [Frame 594] Person 3: WORKING | Motion: 6247.0
2025-05-08 18:25:07,415 [INFO] [Frame 597] Person 0: WORKING | Motion: 432.7
2025-05-08 18:25:07,415 [INFO] [Frame 597] Person 1: WORKING | Motion: 299.4
2025-05-08 18:25:07,415 [INFO] [Frame 597] Person 2: IDLE | Motion: 40.4
2025-05-08 18:25:07,416 [INFO] [Frame 597] Person 3: WORKING | Motion: 3433.6
2025-05-08 18:25:07,437 [INFO] [Frame 600] Person 0: WORKING | Motion: 593.9
2025-05-08 18:25:07,438 [INFO] [Frame 600] Person 1: WORKING | Motion: 913.5
2025-05-08 18:25:07,438 [INFO] [Frame 600] Person 2: IDLE | Motion: 47.3
2025-05-08 18:25:07,438 [INFO] [Frame 600] Person 3: WORKING | Motion: 1379.4
2025-05-08 18:25:07,459 [INFO] [Frame 603] Person 0: WORKING | Motion: 419.8
2025-05-08 18:25:07,459 [INFO] [Frame 603] Person 1: WORKING | Motion: 180.6
2025-05-08 18:25:07,459 [INFO] [Frame 603] Person 2: WORKING | Motion: 1939.5
2025-05-08 18:25:07,482 [INFO] [Frame 606] Person 0: WORKING | Motion: 291.2
2025-05-08 18:25:07,482 [INFO] [Frame 606] Person 1: WORKING | Motion: 554.1
2025-05-08 18:25:07,482 [INFO] [Frame 606] Person 2: WORKING | Motion: 3942.2
2025-05-08 18:25:07,482 [INFO] [Frame 606] Initializing person 3
2025-05-08 18:25:07,503 [INFO] [Frame 609] Person 0: WORKING | Motion: 460.6
2025-05-08 18:25:07,503 [INFO] [Frame 609] Person 1: WORKING | Motion: 2324.1
2025-05-08 18:25:07,503 [INFO] [Frame 609] Person 2: WORKING | Motion: 64.2
2025-05-08 18:25:07,504 [INFO] [Frame 609] Person 3: IDLE | Motion: 29.6
2025-05-08 18:25:07,526 [INFO] [Frame 612] Person 0: WORKING | Motion: 42824.2
2025-05-08 18:25:07,527 [INFO] [Frame 612] Person 1: WORKING | Motion: 43155.0
2025-05-08 18:25:07,527 [INFO] [Frame 612] Person 2: IDLE | Motion: 41.1
2025-05-08 18:25:07,527 [INFO] [Frame 612] Person 3: WORKING | Motion: 15852.7
2025-05-08 18:25:07,527 [INFO] [Frame 612] Initializing person 4
2025-05-08 18:25:07,552 [INFO] [Frame 615] Person 0: WORKING | Motion: 2223.9
2025-05-08 18:25:07,552 [INFO] [Frame 615] Person 1: WORKING | Motion: 296.4
2025-05-08 18:25:07,552 [INFO] [Frame 615] Person 2: WORKING | Motion: 51.1
2025-05-08 18:25:07,552 [INFO] [Frame 615] Person 3: WORKING | Motion: 4127.5
2025-05-08 18:25:07,552 [INFO] [Frame 615] Person 4: WORKING | Motion: 1340.2
2025-05-08 18:25:07,577 [INFO] [Frame 618] Person 0: WORKING | Motion: 13767.1
2025-05-08 18:25:07,577 [INFO] [Frame 618] Person 1: WORKING | Motion: 387.8
2025-05-08 18:25:07,577 [INFO] [Frame 618] Person 2: WORKING | Motion: 91.9
2025-05-08 18:25:07,577 [INFO] [Frame 618] Person 3: WORKING | Motion: 3981.2
2025-05-08 18:25:07,600 [INFO] [Frame 621] Person 0: WORKING | Motion: 703.6
2025-05-08 18:25:07,600 [INFO] [Frame 621] Person 1: WORKING | Motion: 21116.2
2025-05-08 18:25:07,600 [INFO] [Frame 621] Person 2: WORKING | Motion: 94.5
2025-05-08 18:25:07,600 [INFO] [Frame 621] Person 3: WORKING | Motion: 1756.7
2025-05-08 18:25:07,600 [INFO] [Frame 621] Initializing person 4
2025-05-08 18:25:07,622 [INFO] [Frame 624] Person 0: WORKING | Motion: 709.9
2025-05-08 18:25:07,622 [INFO] [Frame 624] Person 1: WORKING | Motion: 1072.1
2025-05-08 18:25:07,622 [INFO] [Frame 624] Person 2: WORKING | Motion: 2099.2
2025-05-08 18:25:07,622 [INFO] [Frame 624] Person 3: WORKING | Motion: 235.4
2025-05-08 18:25:07,645 [INFO] [Frame 627] Person 0: WORKING | Motion: 28820.6
2025-05-08 18:25:07,645 [INFO] [Frame 627] Person 1: WORKING | Motion: 6738.8
2025-05-08 18:25:07,645 [INFO] [Frame 627] Person 2: WORKING | Motion: 2069.0
2025-05-08 18:25:07,645 [INFO] [Frame 627] Person 3: WORKING | Motion: 3481.3
2025-05-08 18:25:07,668 [INFO] [Frame 630] Person 0: WORKING | Motion: 224.9
2025-05-08 18:25:07,668 [INFO] [Frame 630] Person 1: WORKING | Motion: 98.3
2025-05-08 18:25:07,668 [INFO] [Frame 630] Person 2: WORKING | Motion: 5944.8
2025-05-08 18:25:07,668 [INFO] [Frame 630] Person 3: WORKING | Motion: 1908.0
2025-05-08 18:25:07,690 [INFO] [Frame 633] Person 0: WORKING | Motion: 132.7
2025-05-08 18:25:07,690 [INFO] [Frame 633] Person 1: WORKING | Motion: 565.9
2025-05-08 18:25:07,690 [INFO] [Frame 633] Person 2: WORKING | Motion: 5851.8
2025-05-08 18:25:07,691 [INFO] [Frame 633] Person 3: WORKING | Motion: 1996.8
2025-05-08 18:25:07,713 [INFO] [Frame 636] Person 0: WORKING | Motion: 210.1
2025-05-08 18:25:07,713 [INFO] [Frame 636] Person 1: WORKING | Motion: 240.3
2025-05-08 18:25:07,713 [INFO] [Frame 636] Person 2: WORKING | Motion: 5820.0
2025-05-08 18:25:07,713 [INFO] [Frame 636] Person 3: WORKING | Motion: 133.2
2025-05-08 18:25:07,738 [INFO] [Frame 639] Person 0: WORKING | Motion: 261.8
2025-05-08 18:25:07,738 [INFO] [Frame 639] Person 1: WORKING | Motion: 408.8
2025-05-08 18:25:07,739 [INFO] [Frame 639] Person 2: WORKING | Motion: 6174.5
2025-05-08 18:25:07,739 [INFO] [Frame 639] Person 3: WORKING | Motion: 155.2
2025-05-08 18:25:07,739 [INFO] [Frame 639] Initializing person 4
2025-05-08 18:25:07,762 [INFO] [Frame 642] Person 0: WORKING | Motion: 546.6
2025-05-08 18:25:07,762 [INFO] [Frame 642] Person 1: WORKING | Motion: 137.2
2025-05-08 18:25:07,763 [INFO] [Frame 642] Person 2: WORKING | Motion: 9767.7
2025-05-08 18:25:07,763 [INFO] [Frame 642] Person 3: WORKING | Motion: 12119.9
2025-05-08 18:25:07,763 [INFO] [Frame 642] Person 4: WORKING | Motion: 8386.6
2025-05-08 18:25:07,786 [INFO] [Frame 645] Person 0: WORKING | Motion: 941.0
2025-05-08 18:25:07,786 [INFO] [Frame 645] Person 1: WORKING | Motion: 768.3
2025-05-08 18:25:07,787 [INFO] [Frame 645] Person 2: WORKING | Motion: 1897.5
2025-05-08 18:25:07,787 [INFO] [Frame 645] Person 3: WORKING | Motion: 5708.5
2025-05-08 18:25:07,787 [INFO] [Frame 645] Person 4: WORKING | Motion: 1682.1
2025-05-08 18:25:07,810 [INFO] [Frame 648] Person 0: WORKING | Motion: 18016.7
2025-05-08 18:25:07,810 [INFO] [Frame 648] Person 1: WORKING | Motion: 4461.3
2025-05-08 18:25:07,810 [INFO] [Frame 648] Person 2: WORKING | Motion: 7613.5
2025-05-08 18:25:07,810 [INFO] [Frame 648] Person 3: WORKING | Motion: 9017.1
2025-05-08 18:25:07,810 [INFO] [Frame 648] Person 4: WORKING | Motion: 8245.5
2025-05-08 18:25:07,833 [INFO] [Frame 651] Person 0: WORKING | Motion: 873.7
2025-05-08 18:25:07,833 [INFO] [Frame 651] Person 1: WORKING | Motion: 4009.0
2025-05-08 18:25:07,834 [INFO] [Frame 651] Person 2: WORKING | Motion: 17568.5
2025-05-08 18:25:07,834 [INFO] [Frame 651] Person 3: WORKING | Motion: 16748.9
2025-05-08 18:25:07,834 [INFO] [Frame 651] Person 4: WORKING | Motion: 6175.1
2025-05-08 18:25:07,857 [INFO] [Frame 654] Person 0: WORKING | Motion: 47948.0
2025-05-08 18:25:07,857 [INFO] [Frame 654] Person 1: WORKING | Motion: 40855.7
2025-05-08 18:25:07,857 [INFO] [Frame 654] Person 2: WORKING | Motion: 21020.5
2025-05-08 18:25:07,857 [INFO] [Frame 654] Person 3: WORKING | Motion: 16743.3
2025-05-08 18:25:07,858 [INFO] [Frame 654] Person 4: WORKING | Motion: 6298.8
2025-05-08 18:25:07,880 [INFO] [Frame 657] Person 0: WORKING | Motion: 116.3
2025-05-08 18:25:07,880 [INFO] [Frame 657] Person 1: WORKING | Motion: 54179.4
2025-05-08 18:25:07,880 [INFO] [Frame 657] Person 2: WORKING | Motion: 97.3
2025-05-08 18:25:07,880 [INFO] [Frame 657] Person 3: WORKING | Motion: 52747.7
2025-05-08 18:25:07,881 [INFO] [Frame 657] Person 4: WORKING | Motion: 3870.9
2025-05-08 18:25:07,881 [INFO] [Frame 657] Initializing person 5
2025-05-08 18:25:07,903 [INFO] [Frame 660] Person 0: WORKING | Motion: 109.0
2025-05-08 18:25:07,903 [INFO] [Frame 660] Person 1: WORKING | Motion: 56231.1
2025-05-08 18:25:07,904 [INFO] [Frame 660] Person 2: WORKING | Motion: 16433.8
2025-05-08 18:25:07,904 [INFO] [Frame 660] Person 3: WORKING | Motion: 58356.4
2025-05-08 18:25:07,904 [INFO] [Frame 660] Person 4: WORKING | Motion: 3759.4
2025-05-08 18:25:07,926 [INFO] [Frame 663] Person 0: WORKING | Motion: 706.1
2025-05-08 18:25:07,927 [INFO] [Frame 663] Person 1: WORKING | Motion: 687.2
2025-05-08 18:25:07,927 [INFO] [Frame 663] Person 2: WORKING | Motion: 4693.0
2025-05-08 18:25:07,927 [INFO] [Frame 663] Person 3: WORKING | Motion: 2130.0
2025-05-08 18:25:07,927 [INFO] [Frame 663] Person 4: WORKING | Motion: 11816.9
2025-05-08 18:25:07,950 [INFO] [Frame 666] Person 0: WORKING | Motion: 736.5
2025-05-08 18:25:07,950 [INFO] [Frame 666] Person 1: WORKING | Motion: 346.5
2025-05-08 18:25:07,950 [INFO] [Frame 666] Person 2: WORKING | Motion: 158.4
2025-05-08 18:25:07,951 [INFO] [Frame 666] Person 3: WORKING | Motion: 3920.1
2025-05-08 18:25:07,951 [INFO] [Frame 666] Person 4: WORKING | Motion: 2000.9
2025-05-08 18:25:07,973 [INFO] [Frame 669] Person 0: WORKING | Motion: 121.1
2025-05-08 18:25:07,973 [INFO] [Frame 669] Person 1: WORKING | Motion: 649.7
2025-05-08 18:25:07,973 [INFO] [Frame 669] Person 2: WORKING | Motion: 204.5
2025-05-08 18:25:07,973 [INFO] [Frame 669] Person 3: WORKING | Motion: 63.6
2025-05-08 18:25:07,973 [INFO] [Frame 669] Person 4: WORKING | Motion: 5698.4
2025-05-08 18:25:07,995 [INFO] [Frame 672] Person 0: WORKING | Motion: 49630.1
2025-05-08 18:25:07,995 [INFO] [Frame 672] Person 1: WORKING | Motion: 49994.0
2025-05-08 18:25:07,995 [INFO] [Frame 672] Person 2: WORKING | Motion: 21182.2
2025-05-08 18:25:07,995 [INFO] [Frame 672] Person 3: WORKING | Motion: 19927.5
2025-05-08 18:25:07,995 [INFO] [Frame 672] Person 4: WORKING | Motion: 1900.5
2025-05-08 18:25:08,017 [INFO] [Frame 675] Person 0: WORKING | Motion: 1064.4
2025-05-08 18:25:08,017 [INFO] [Frame 675] Person 1: WORKING | Motion: 20202.3
2025-05-08 18:25:08,017 [INFO] [Frame 675] Person 2: WORKING | Motion: 33877.2
2025-05-08 18:25:08,017 [INFO] [Frame 675] Person 3: WORKING | Motion: 123.2
2025-05-08 18:25:08,018 [INFO] [Frame 675] Person 4: WORKING | Motion: 3709.5
2025-05-08 18:25:08,039 [INFO] [Frame 678] Person 0: WORKING | Motion: 191.5
2025-05-08 18:25:08,039 [INFO] [Frame 678] Person 1: WORKING | Motion: 2011.2
2025-05-08 18:25:08,040 [INFO] [Frame 678] Person 2: WORKING | Motion: 2711.7
2025-05-08 18:25:08,040 [INFO] [Frame 678] Person 3: WORKING | Motion: 87.5
2025-05-08 18:25:08,040 [INFO] [Frame 678] Person 4: IDLE | Motion: 39.3
2025-05-08 18:25:08,052 [INFO] [INFO] End of video or failed to read frame.
2025-05-08 18:25:08,056 [INFO] 
 Done in 8.63 seconds | Avg Processing Rate: 78.81 frames/sec
2025-05-08 18:25:08,056 [INFO]  Output saved to: output_motion_tracking.mp4
